<?xml version="1.0" encoding="UTF-8"?>
<testsuite xmlns:xsi="http://www.w3.org/2001/XMLSchema-instance" xsi:noNamespaceSchemaLocation="https://maven.apache.org/surefire/maven-surefire-plugin/xsd/surefire-test-report.xsd" name="TestSuite" time="26.722" tests="3" errors="0" skipped="0" failures="0">
  <properties>
    <property name="sun.desktop" value="windows"/>
    <property name="awt.toolkit" value="sun.awt.windows.WToolkit"/>
    <property name="file.encoding.pkg" value="sun.io"/>
    <property name="java.specification.version" value="1.8"/>
    <property name="sun.cpu.isalist" value="amd64"/>
    <property name="sun.jnu.encoding" value="GBK"/>
    <property name="java.class.path" value="E:\testPj\20181115\autoTest\target\test-classes;E:\testPj\20181115\autoTest\target\classes;D:\apache-maven-3.5.4\store\junit\junit\4.11\junit-4.11.jar;D:\apache-maven-3.5.4\store\org\hamcrest\hamcrest-core\1.3\hamcrest-core-1.3.jar;D:\apache-maven-3.5.4\store\org\seleniumhq\selenium\selenium-java\3.14.0\selenium-java-3.14.0.jar;D:\apache-maven-3.5.4\store\org\seleniumhq\selenium\selenium-api\3.14.0\selenium-api-3.14.0.jar;D:\apache-maven-3.5.4\store\org\seleniumhq\selenium\selenium-chrome-driver\3.14.0\selenium-chrome-driver-3.14.0.jar;D:\apache-maven-3.5.4\store\org\seleniumhq\selenium\selenium-edge-driver\3.14.0\selenium-edge-driver-3.14.0.jar;D:\apache-maven-3.5.4\store\org\seleniumhq\selenium\selenium-firefox-driver\3.14.0\selenium-firefox-driver-3.14.0.jar;D:\apache-maven-3.5.4\store\org\seleniumhq\selenium\selenium-ie-driver\3.14.0\selenium-ie-driver-3.14.0.jar;D:\apache-maven-3.5.4\store\org\seleniumhq\selenium\selenium-opera-driver\3.14.0\selenium-opera-driver-3.14.0.jar;D:\apache-maven-3.5.4\store\org\seleniumhq\selenium\selenium-remote-driver\3.14.0\selenium-remote-driver-3.14.0.jar;D:\apache-maven-3.5.4\store\org\seleniumhq\selenium\selenium-safari-driver\3.14.0\selenium-safari-driver-3.14.0.jar;D:\apache-maven-3.5.4\store\org\seleniumhq\selenium\selenium-support\3.14.0\selenium-support-3.14.0.jar;D:\apache-maven-3.5.4\store\net\bytebuddy\byte-buddy\1.8.15\byte-buddy-1.8.15.jar;D:\apache-maven-3.5.4\store\org\apache\commons\commons-exec\1.3\commons-exec-1.3.jar;D:\apache-maven-3.5.4\store\commons-codec\commons-codec\1.10\commons-codec-1.10.jar;D:\apache-maven-3.5.4\store\commons-logging\commons-logging\1.2\commons-logging-1.2.jar;D:\apache-maven-3.5.4\store\com\google\guava\guava\25.0-jre\guava-25.0-jre.jar;D:\apache-maven-3.5.4\store\com\google\code\findbugs\jsr305\1.3.9\jsr305-1.3.9.jar;D:\apache-maven-3.5.4\store\org\checkerframework\checker-compat-qual\2.0.0\checker-compat-qual-2.0.0.jar;D:\apache-maven-3.5.4\store\com\google\errorprone\error_prone_annotations\2.1.3\error_prone_annotations-2.1.3.jar;D:\apache-maven-3.5.4\store\com\google\j2objc\j2objc-annotations\1.1\j2objc-annotations-1.1.jar;D:\apache-maven-3.5.4\store\org\codehaus\mojo\animal-sniffer-annotations\1.14\animal-sniffer-annotations-1.14.jar;D:\apache-maven-3.5.4\store\org\apache\httpcomponents\httpclient\4.5.5\httpclient-4.5.5.jar;D:\apache-maven-3.5.4\store\org\apache\httpcomponents\httpcore\4.4.9\httpcore-4.4.9.jar;D:\apache-maven-3.5.4\store\com\squareup\okhttp3\okhttp\3.10.0\okhttp-3.10.0.jar;D:\apache-maven-3.5.4\store\com\squareup\okio\okio\1.14.1\okio-1.14.1.jar;D:\apache-maven-3.5.4\store\org\testng\testng\6.14.3\testng-6.14.3.jar;D:\apache-maven-3.5.4\store\com\beust\jcommander\1.72\jcommander-1.72.jar;D:\apache-maven-3.5.4\store\org\apache-extras\beanshell\bsh\2.0b6\bsh-2.0b6.jar;D:\apache-maven-3.5.4\store\org\uncommons\reportng\1.1.4\reportng-1.1.4.jar;D:\apache-maven-3.5.4\store\velocity\velocity\1.4\velocity-1.4.jar;D:\apache-maven-3.5.4\store\velocity\velocity-dep\1.4\velocity-dep-1.4.jar;D:\apache-maven-3.5.4\store\com\google\inject\guice\4.2.2\guice-4.2.2.jar;D:\apache-maven-3.5.4\store\javax\inject\javax.inject\1\javax.inject-1.jar;D:\apache-maven-3.5.4\store\aopalliance\aopalliance\1.0\aopalliance-1.0.jar;D:\apache-maven-3.5.4\store\net\sourceforge\tess4j\tess4j\4.3.0\tess4j-4.3.0.jar;D:\apache-maven-3.5.4\store\net\java\dev\jna\jna\4.1.0\jna-4.1.0.jar;D:\apache-maven-3.5.4\store\com\github\jai-imageio\jai-imageio-core\1.4.0\jai-imageio-core-1.4.0.jar;D:\apache-maven-3.5.4\store\org\ghost4j\ghost4j\1.0.1\ghost4j-1.0.1.jar;D:\apache-maven-3.5.4\store\log4j\log4j\1.2.17\log4j-1.2.17.jar;D:\apache-maven-3.5.4\store\commons-beanutils\commons-beanutils\1.9.2\commons-beanutils-1.9.2.jar;D:\apache-maven-3.5.4\store\commons-collections\commons-collections\3.2.1\commons-collections-3.2.1.jar;D:\apache-maven-3.5.4\store\org\apache\xmlgraphics\xmlgraphics-commons\1.4\xmlgraphics-commons-1.4.jar;D:\apache-maven-3.5.4\store\com\lowagie\itext\2.1.7\itext-2.1.7.jar;D:\apache-maven-3.5.4\store\org\apache\pdfbox\pdfbox\2.0.12\pdfbox-2.0.12.jar;D:\apache-maven-3.5.4\store\org\apache\pdfbox\fontbox\2.0.12\fontbox-2.0.12.jar;D:\apache-maven-3.5.4\store\org\apache\pdfbox\pdfbox-tools\2.0.12\pdfbox-tools-2.0.12.jar;D:\apache-maven-3.5.4\store\org\apache\pdfbox\pdfbox-debugger\2.0.12\pdfbox-debugger-2.0.12.jar;D:\apache-maven-3.5.4\store\org\apache\pdfbox\jbig2-imageio\3.0.2\jbig2-imageio-3.0.2.jar;D:\apache-maven-3.5.4\store\commons-io\commons-io\2.6\commons-io-2.6.jar;D:\apache-maven-3.5.4\store\net\sourceforge\lept4j\lept4j\1.10.0\lept4j-1.10.0.jar;D:\apache-maven-3.5.4\store\org\jboss\jboss-vfs\3.2.14.Final\jboss-vfs-3.2.14.Final.jar;D:\apache-maven-3.5.4\store\org\jboss\logging\jboss-logging\3.1.4.GA\jboss-logging-3.1.4.GA.jar;D:\apache-maven-3.5.4\store\ch\qos\logback\logback-classic\1.2.3\logback-classic-1.2.3.jar;D:\apache-maven-3.5.4\store\ch\qos\logback\logback-core\1.2.3\logback-core-1.2.3.jar;D:\apache-maven-3.5.4\store\org\slf4j\slf4j-api\1.7.25\slf4j-api-1.7.25.jar;D:\apache-maven-3.5.4\store\org\slf4j\jul-to-slf4j\1.7.25\jul-to-slf4j-1.7.25.jar;D:\apache-maven-3.5.4\store\org\slf4j\jcl-over-slf4j\1.7.25\jcl-over-slf4j-1.7.25.jar;D:\apache-maven-3.5.4\store\org\slf4j\log4j-over-slf4j\1.7.25\log4j-over-slf4j-1.7.25.jar;D:\apache-maven-3.5.4\store\org\apache\maven\surefire\surefire-testng-utils\2.20.1\surefire-testng-utils-2.20.1.jar;D:\apache-maven-3.5.4\store\org\apache\maven\surefire\surefire-grouper\2.20.1\surefire-grouper-2.20.1.jar;"/>
    <property name="java.vm.vendor" value="Oracle Corporation"/>
    <property name="sun.arch.data.model" value="64"/>
    <property name="user.variant" value=""/>
    <property name="java.vendor.url" value="http://java.oracle.com/"/>
    <property name="user.timezone" value=""/>
    <property name="java.vm.specification.version" value="1.8"/>
    <property name="os.name" value="Windows 10"/>
    <property name="user.country" value="CN"/>
    <property name="sun.java.launcher" value="SUN_STANDARD"/>
    <property name="sun.boot.library.path" value="C:\Program Files\Java\jdk1.8.0_102\jre\bin"/>
    <property name="sun.java.command" value="C:\Users\R\AppData\Local\Temp\surefire101504523569120113\surefirebooter301294282193670479.jar C:\Users\R\AppData\Local\Temp\surefire101504523569120113 2019-01-29T16-02-15_770-jvmRun1 surefire6409947754379718657tmp surefire_05955802495345595275tmp"/>
    <property name="surefire.test.class.path" value="E:\testPj\20181115\autoTest\target\test-classes;E:\testPj\20181115\autoTest\target\classes;D:\apache-maven-3.5.4\store\junit\junit\4.11\junit-4.11.jar;D:\apache-maven-3.5.4\store\org\hamcrest\hamcrest-core\1.3\hamcrest-core-1.3.jar;D:\apache-maven-3.5.4\store\org\seleniumhq\selenium\selenium-java\3.14.0\selenium-java-3.14.0.jar;D:\apache-maven-3.5.4\store\org\seleniumhq\selenium\selenium-api\3.14.0\selenium-api-3.14.0.jar;D:\apache-maven-3.5.4\store\org\seleniumhq\selenium\selenium-chrome-driver\3.14.0\selenium-chrome-driver-3.14.0.jar;D:\apache-maven-3.5.4\store\org\seleniumhq\selenium\selenium-edge-driver\3.14.0\selenium-edge-driver-3.14.0.jar;D:\apache-maven-3.5.4\store\org\seleniumhq\selenium\selenium-firefox-driver\3.14.0\selenium-firefox-driver-3.14.0.jar;D:\apache-maven-3.5.4\store\org\seleniumhq\selenium\selenium-ie-driver\3.14.0\selenium-ie-driver-3.14.0.jar;D:\apache-maven-3.5.4\store\org\seleniumhq\selenium\selenium-opera-driver\3.14.0\selenium-opera-driver-3.14.0.jar;D:\apache-maven-3.5.4\store\org\seleniumhq\selenium\selenium-remote-driver\3.14.0\selenium-remote-driver-3.14.0.jar;D:\apache-maven-3.5.4\store\org\seleniumhq\selenium\selenium-safari-driver\3.14.0\selenium-safari-driver-3.14.0.jar;D:\apache-maven-3.5.4\store\org\seleniumhq\selenium\selenium-support\3.14.0\selenium-support-3.14.0.jar;D:\apache-maven-3.5.4\store\net\bytebuddy\byte-buddy\1.8.15\byte-buddy-1.8.15.jar;D:\apache-maven-3.5.4\store\org\apache\commons\commons-exec\1.3\commons-exec-1.3.jar;D:\apache-maven-3.5.4\store\commons-codec\commons-codec\1.10\commons-codec-1.10.jar;D:\apache-maven-3.5.4\store\commons-logging\commons-logging\1.2\commons-logging-1.2.jar;D:\apache-maven-3.5.4\store\com\google\guava\guava\25.0-jre\guava-25.0-jre.jar;D:\apache-maven-3.5.4\store\com\google\code\findbugs\jsr305\1.3.9\jsr305-1.3.9.jar;D:\apache-maven-3.5.4\store\org\checkerframework\checker-compat-qual\2.0.0\checker-compat-qual-2.0.0.jar;D:\apache-maven-3.5.4\store\com\google\errorprone\error_prone_annotations\2.1.3\error_prone_annotations-2.1.3.jar;D:\apache-maven-3.5.4\store\com\google\j2objc\j2objc-annotations\1.1\j2objc-annotations-1.1.jar;D:\apache-maven-3.5.4\store\org\codehaus\mojo\animal-sniffer-annotations\1.14\animal-sniffer-annotations-1.14.jar;D:\apache-maven-3.5.4\store\org\apache\httpcomponents\httpclient\4.5.5\httpclient-4.5.5.jar;D:\apache-maven-3.5.4\store\org\apache\httpcomponents\httpcore\4.4.9\httpcore-4.4.9.jar;D:\apache-maven-3.5.4\store\com\squareup\okhttp3\okhttp\3.10.0\okhttp-3.10.0.jar;D:\apache-maven-3.5.4\store\com\squareup\okio\okio\1.14.1\okio-1.14.1.jar;D:\apache-maven-3.5.4\store\org\testng\testng\6.14.3\testng-6.14.3.jar;D:\apache-maven-3.5.4\store\com\beust\jcommander\1.72\jcommander-1.72.jar;D:\apache-maven-3.5.4\store\org\apache-extras\beanshell\bsh\2.0b6\bsh-2.0b6.jar;D:\apache-maven-3.5.4\store\org\uncommons\reportng\1.1.4\reportng-1.1.4.jar;D:\apache-maven-3.5.4\store\velocity\velocity\1.4\velocity-1.4.jar;D:\apache-maven-3.5.4\store\velocity\velocity-dep\1.4\velocity-dep-1.4.jar;D:\apache-maven-3.5.4\store\com\google\inject\guice\4.2.2\guice-4.2.2.jar;D:\apache-maven-3.5.4\store\javax\inject\javax.inject\1\javax.inject-1.jar;D:\apache-maven-3.5.4\store\aopalliance\aopalliance\1.0\aopalliance-1.0.jar;D:\apache-maven-3.5.4\store\net\sourceforge\tess4j\tess4j\4.3.0\tess4j-4.3.0.jar;D:\apache-maven-3.5.4\store\net\java\dev\jna\jna\4.1.0\jna-4.1.0.jar;D:\apache-maven-3.5.4\store\com\github\jai-imageio\jai-imageio-core\1.4.0\jai-imageio-core-1.4.0.jar;D:\apache-maven-3.5.4\store\org\ghost4j\ghost4j\1.0.1\ghost4j-1.0.1.jar;D:\apache-maven-3.5.4\store\log4j\log4j\1.2.17\log4j-1.2.17.jar;D:\apache-maven-3.5.4\store\commons-beanutils\commons-beanutils\1.9.2\commons-beanutils-1.9.2.jar;D:\apache-maven-3.5.4\store\commons-collections\commons-collections\3.2.1\commons-collections-3.2.1.jar;D:\apache-maven-3.5.4\store\org\apache\xmlgraphics\xmlgraphics-commons\1.4\xmlgraphics-commons-1.4.jar;D:\apache-maven-3.5.4\store\com\lowagie\itext\2.1.7\itext-2.1.7.jar;D:\apache-maven-3.5.4\store\org\apache\pdfbox\pdfbox\2.0.12\pdfbox-2.0.12.jar;D:\apache-maven-3.5.4\store\org\apache\pdfbox\fontbox\2.0.12\fontbox-2.0.12.jar;D:\apache-maven-3.5.4\store\org\apache\pdfbox\pdfbox-tools\2.0.12\pdfbox-tools-2.0.12.jar;D:\apache-maven-3.5.4\store\org\apache\pdfbox\pdfbox-debugger\2.0.12\pdfbox-debugger-2.0.12.jar;D:\apache-maven-3.5.4\store\org\apache\pdfbox\jbig2-imageio\3.0.2\jbig2-imageio-3.0.2.jar;D:\apache-maven-3.5.4\store\commons-io\commons-io\2.6\commons-io-2.6.jar;D:\apache-maven-3.5.4\store\net\sourceforge\lept4j\lept4j\1.10.0\lept4j-1.10.0.jar;D:\apache-maven-3.5.4\store\org\jboss\jboss-vfs\3.2.14.Final\jboss-vfs-3.2.14.Final.jar;D:\apache-maven-3.5.4\store\org\jboss\logging\jboss-logging\3.1.4.GA\jboss-logging-3.1.4.GA.jar;D:\apache-maven-3.5.4\store\ch\qos\logback\logback-classic\1.2.3\logback-classic-1.2.3.jar;D:\apache-maven-3.5.4\store\ch\qos\logback\logback-core\1.2.3\logback-core-1.2.3.jar;D:\apache-maven-3.5.4\store\org\slf4j\slf4j-api\1.7.25\slf4j-api-1.7.25.jar;D:\apache-maven-3.5.4\store\org\slf4j\jul-to-slf4j\1.7.25\jul-to-slf4j-1.7.25.jar;D:\apache-maven-3.5.4\store\org\slf4j\jcl-over-slf4j\1.7.25\jcl-over-slf4j-1.7.25.jar;D:\apache-maven-3.5.4\store\org\slf4j\log4j-over-slf4j\1.7.25\log4j-over-slf4j-1.7.25.jar;D:\apache-maven-3.5.4\store\org\apache\maven\surefire\surefire-testng-utils\2.20.1\surefire-testng-utils-2.20.1.jar;D:\apache-maven-3.5.4\store\org\apache\maven\surefire\surefire-grouper\2.20.1\surefire-grouper-2.20.1.jar;"/>
    <property name="sun.cpu.endian" value="little"/>
    <property name="user.home" value="C:\Users\R"/>
    <property name="user.language" value="zh"/>
    <property name="java.specification.vendor" value="Oracle Corporation"/>
    <property name="java.home" value="C:\Program Files\Java\jdk1.8.0_102\jre"/>
    <property name="basedir" value="E:\testPj\20181115\autoTest"/>
    <property name="file.separator" value="\"/>
    <property name="line.separator" value="&#10;"/>
    <property name="java.vm.specification.vendor" value="Oracle Corporation"/>
    <property name="java.specification.name" value="Java Platform API Specification"/>
    <property name="java.awt.graphicsenv" value="sun.awt.Win32GraphicsEnvironment"/>
    <property name="surefire.real.class.path" value="C:\Users\R\AppData\Local\Temp\surefire101504523569120113\surefirebooter301294282193670479.jar"/>
    <property name="sun.boot.class.path" value="C:\Program Files\Java\jdk1.8.0_102\jre\lib\resources.jar;C:\Program Files\Java\jdk1.8.0_102\jre\lib\rt.jar;C:\Program Files\Java\jdk1.8.0_102\jre\lib\sunrsasign.jar;C:\Program Files\Java\jdk1.8.0_102\jre\lib\jsse.jar;C:\Program Files\Java\jdk1.8.0_102\jre\lib\jce.jar;C:\Program Files\Java\jdk1.8.0_102\jre\lib\charsets.jar;C:\Program Files\Java\jdk1.8.0_102\jre\lib\jfr.jar;C:\Program Files\Java\jdk1.8.0_102\jre\classes"/>
    <property name="user.script" value=""/>
    <property name="sun.management.compiler" value="HotSpot 64-Bit Tiered Compilers"/>
    <property name="java.runtime.version" value="1.8.0_102-b14"/>
    <property name="user.name" value="R"/>
    <property name="path.separator" value=";"/>
    <property name="os.version" value="10.0"/>
    <property name="java.endorsed.dirs" value="C:\Program Files\Java\jdk1.8.0_102\jre\lib\endorsed"/>
    <property name="java.runtime.name" value="Java(TM) SE Runtime Environment"/>
    <property name="file.encoding" value="GBK"/>
    <property name="java.vm.name" value="Java HotSpot(TM) 64-Bit Server VM"/>
    <property name="localRepository" value="D:\apache-maven-3.5.4\store"/>
    <property name="java.vendor.url.bug" value="http://bugreport.sun.com/bugreport/"/>
    <property name="java.io.tmpdir" value="C:\Users\R\AppData\Local\Temp\"/>
    <property name="idea.version" value="2017.2.5"/>
    <property name="java.version" value="1.8.0_102"/>
    <property name="user.dir" value="E:\testPj\20181115\autoTest\target"/>
    <property name="os.arch" value="amd64"/>
    <property name="java.vm.specification.name" value="Java Virtual Machine Specification"/>
    <property name="java.awt.printerjob" value="sun.awt.windows.WPrinterJob"/>
    <property name="sun.os.patch.level" value=""/>
    <property name="java.library.path" value="C:\Program Files\Java\jdk1.8.0_102\jre\bin;C:\WINDOWS\Sun\Java\bin;C:\WINDOWS\system32;C:\WINDOWS;D:\app\R\product\11.2.0\dbhome_1\bin;C:\ProgramData\Oracle\Java\javapath;C:\Program Files (x86)\Intel\iCLS Client\;C:\Program Files\Intel\iCLS Client\;C:\Windows\system32;C:\Windows;C:\Windows\System32\Wbem;C:\Windows\System32\WindowsPowerShell\v1.0\;C:\Program Files (x86)\Intel\Intel(R) Management Engine Components\DAL;C:\Program Files\Intel\Intel(R) Management Engine Components\DAL;C:\Program Files (x86)\Intel\Intel(R) Management Engine Components\IPT;C:\Program Files\Intel\Intel(R) Management Engine Components\IPT;C:\Program Files (x86)\NVIDIA Corporation\PhysX\Common;C:\strawberry\c\bin;C:\strawberry\perl\bin;C:\Program Files\PuTTY\;C:\Program Files\TortoiseSVN\bin;C:\WINDOWS\system32;C:\WINDOWS;C:\WINDOWS\System32\Wbem;C:\WINDOWS\System32\WindowsPowerShell\v1.0\;C:\WINDOWS\System32\OpenSSH\;D:\Program Files\nodejs\;D:\apache-maven-3.5.4\bin;&quot;C:\Program Files\Java\jdk1.8.0_102\bin;C:\Program Files\Java\jdk1.8.0_102\jre\bin&quot;;C:\Program Files\Git\cmd;C:\Program Files\TortoiseGit\bin;D:\instantclient_11_2;D:\consul_1.4.0_windows_amd64;C:\Python\Python36\Scripts\;C:\Python\Python36\;C:\Users\R\AppData\Local\Microsoft\WindowsApps;C:\Users\R\AppData\Roaming\npm;D:\Program Files\Fiddler;."/>
    <property name="java.vm.info" value="mixed mode"/>
    <property name="java.vendor" value="Oracle Corporation"/>
    <property name="java.vm.version" value="25.102-b14"/>
    <property name="java.ext.dirs" value="C:\Program Files\Java\jdk1.8.0_102\jre\lib\ext;C:\WINDOWS\Sun\Java\lib\ext"/>
    <property name="sun.io.unicode.encoding" value="UnicodeLittle"/>
    <property name="maven.repo.local" value="D:\apache-maven-3.5.4\store"/>
    <property name="java.class.version" value="52.0"/>
  </properties>
  <testcase name="searchSkucode" classname="autoTest.test01" time="1.901"/>
  <testcase name="searchSkuid" classname="autoTest.test01" time="3.034"/>
  <testcase name="searchSkuowner" classname="autoTest.test01" time="3.366"/>
</testsuite>